<?xml version="1.0" encoding="utf-8"?><testsuites name="pytest tests"><testsuite name="pytest" errors="0" failures="0" skipped="0" tests="13" time="3.506" timestamp="2026-02-04T14:57:50.392408+00:00" hostname="agent-env-05d8a9bf-a955-4a2b-a07b-060fb103bf1e"><testcase classname="backend.tests.test_dashboard_availability.TestProviderLogin" name="test_provider_login_success" time="0.312" /><testcase classname="backend.tests.test_dashboard_availability.TestClientLogin" name="test_client_login_success" time="0.263" /><testcase classname="backend.tests.test_dashboard_availability.TestProviderProfile" name="test_get_provider_profile_by_user_id" time="0.278" /><testcase classname="backend.tests.test_dashboard_availability.TestAvailabilityEndpoints" name="test_get_availability_for_month" time="0.291" /><testcase classname="backend.tests.test_dashboard_availability.TestAvailabilityEndpoints" name="test_get_availability_without_month_filter" time="0.364" /><testcase classname="backend.tests.test_dashboard_availability.TestAvailabilityEndpoints" name="test_block_date" time="0.364" /><testcase classname="backend.tests.test_dashboard_availability.TestAvailabilityEndpoints" name="test_unblock_date" time="0.333" /><testcase classname="backend.tests.test_dashboard_availability.TestAvailabilityEndpoints" name="test_block_date_unauthenticated" time="0.035" /><testcase classname="backend.tests.test_dashboard_availability.TestBookingsEndpoints" name="test_get_provider_bookings" time="0.282" /><testcase classname="backend.tests.test_dashboard_availability.TestBookingsEndpoints" name="test_get_client_bookings" time="0.287" /><testcase classname="backend.tests.test_dashboard_availability.TestBookingsEndpoints" name="test_get_bookings_unauthenticated" time="0.035" /><testcase classname="backend.tests.test_dashboard_availability.TestDashboardDataFlow" name="test_provider_dashboard_data_flow" time="0.295" /><testcase classname="backend.tests.test_dashboard_availability.TestDashboardDataFlow" name="test_client_dashboard_data_flow" time="0.279" /></testsuite></testsuites>