<?xml version="1.0" encoding="utf-8"?><testsuites name="pytest tests"><testsuite name="pytest" errors="0" failures="0" skipped="0" tests="15" time="5.658" timestamp="2026-02-04T16:04:10.942312+00:00" hostname="agent-env-c4b63033-31c9-47d5-8d55-2f0b9615cfc3"><testcase classname="backend.tests.test_messaging_attachments.TestFileUpload" name="test_upload_image_file" time="0.345" /><testcase classname="backend.tests.test_messaging_attachments.TestFileUpload" name="test_upload_document_file" time="0.282" /><testcase classname="backend.tests.test_messaging_attachments.TestFileUpload" name="test_upload_pdf_file" time="0.281" /><testcase classname="backend.tests.test_messaging_attachments.TestFileUpload" name="test_upload_without_auth" time="0.037" /><testcase classname="backend.tests.test_messaging_attachments.TestFileUpload" name="test_upload_invalid_file_type" time="0.316" /><testcase classname="backend.tests.test_messaging_attachments.TestFileRetrieval" name="test_retrieve_uploaded_file" time="0.313" /><testcase classname="backend.tests.test_messaging_attachments.TestFileRetrieval" name="test_retrieve_nonexistent_file" time="0.038" /><testcase classname="backend.tests.test_messaging_attachments.TestMessagesWithAttachments" name="test_send_message_with_attachment" time="0.801" /><testcase classname="backend.tests.test_messaging_attachments.TestMessagesWithAttachments" name="test_send_message_only_attachment_no_content" time="0.540" /><testcase classname="backend.tests.test_messaging_attachments.TestMessagesWithAttachments" name="test_get_messages_with_attachments" time="0.535" /><testcase classname="backend.tests.test_messaging_attachments.TestConversationsEndpoint" name="test_get_conversations" time="0.285" /><testcase classname="backend.tests.test_messaging_attachments.TestConversationsEndpoint" name="test_get_conversations_unauthenticated" time="0.038" /><testcase classname="backend.tests.test_messaging_attachments.TestRecentMessagesEndpoint" name="test_get_recent_messages" time="0.318" /><testcase classname="backend.tests.test_messaging_attachments.TestMessageReadStatus" name="test_message_initially_unread" time="0.533" /><testcase classname="backend.tests.test_messaging_attachments.TestIntegrationFlow" name="test_complete_messaging_flow_with_attachment" time="0.896" /></testsuite></testsuites>