<?xml version="1.0" encoding="utf-8"?><testsuites name="pytest tests"><testsuite name="pytest" errors="0" failures="0" skipped="0" tests="12" time="0.614" timestamp="2026-02-06T17:01:45.193519+00:00" hostname="agent-env-a41de27d-7d24-441b-9c07-ef889ac329ce"><testcase classname="backend.tests.test_packages_packs.TestMultiProviderPackages" name="test_get_packages_returns_list" time="0.071" /><testcase classname="backend.tests.test_packages_packs.TestMultiProviderPackages" name="test_get_packages_contains_expected_packages" time="0.042" /><testcase classname="backend.tests.test_packages_packs.TestMultiProviderPackages" name="test_package_structure" time="0.046" /><testcase classname="backend.tests.test_packages_packs.TestMultiProviderPackages" name="test_package_providers_structure" time="0.040" /><testcase classname="backend.tests.test_packages_packs.TestMultiProviderPackages" name="test_filter_packages_by_event_type" time="0.040" /><testcase classname="backend.tests.test_packages_packs.TestMultiProviderPackages" name="test_get_single_package" time="0.041" /><testcase classname="backend.tests.test_packages_packs.TestProviderPacks" name="test_get_provider_packs" time="0.045" /><testcase classname="backend.tests.test_packages_packs.TestProviderPacks" name="test_provider_pack_structure" time="0.038" /><testcase classname="backend.tests.test_packages_packs.TestProviderPacks" name="test_provider_pack_photo_mariage_essentiel" time="0.036" /><testcase classname="backend.tests.test_packages_packs.TestProviderPacks" name="test_provider_without_packs" time="0.041" /><testcase classname="backend.tests.test_packages_packs.TestPackagesAccessibility" name="test_packages_no_auth_required" time="0.040" /><testcase classname="backend.tests.test_packages_packs.TestPackagesAccessibility" name="test_provider_packs_no_auth_required" time="0.077" /></testsuite></testsuites>