<?xml version="1.0" encoding="utf-8"?><testsuites name="pytest tests"><testsuite name="pytest" errors="0" failures="0" skipped="0" tests="19" time="1.370" timestamp="2026-02-05T18:26:29.881487+00:00" hostname="agent-env-b9dfe21c-58c3-4269-b120-88f188e22760"><testcase classname="backend.tests.test_portfolio_reviews.TestPortfolioEndpoints" name="test_01_get_portfolio_provider_empty" time="0.432" /><testcase classname="backend.tests.test_portfolio_reviews.TestPortfolioEndpoints" name="test_02_create_portfolio_item_photo" time="0.016" /><testcase classname="backend.tests.test_portfolio_reviews.TestPortfolioEndpoints" name="test_03_create_portfolio_item_youtube" time="0.011" /><testcase classname="backend.tests.test_portfolio_reviews.TestPortfolioEndpoints" name="test_04_get_my_portfolio_items" time="0.015" /><testcase classname="backend.tests.test_portfolio_reviews.TestPortfolioEndpoints" name="test_05_get_portfolio_provider_with_items" time="0.037" /><testcase classname="backend.tests.test_portfolio_reviews.TestPortfolioEndpoints" name="test_06_update_portfolio_item" time="0.015" /><testcase classname="backend.tests.test_portfolio_reviews.TestPortfolioEndpoints" name="test_07_increment_view_count" time="0.035" /><testcase classname="backend.tests.test_portfolio_reviews.TestPortfolioEndpoints" name="test_08_delete_portfolio_item" time="0.016" /><testcase classname="backend.tests.test_portfolio_reviews.TestReviewsEndpoints" name="test_01_get_provider_reviews" time="0.339" /><testcase classname="backend.tests.test_portfolio_reviews.TestReviewsEndpoints" name="test_02_can_review_provider" time="0.038" /><testcase classname="backend.tests.test_portfolio_reviews.TestReviewsEndpoints" name="test_03_create_unverified_review" time="0.012" /><testcase classname="backend.tests.test_portfolio_reviews.TestReviewsEndpoints" name="test_04_verify_review_in_list" time="0.041" /><testcase classname="backend.tests.test_portfolio_reviews.TestReviewsEndpoints" name="test_05_invalid_rating" time="0.010" /><testcase classname="backend.tests.test_portfolio_reviews.TestProviderCountries" name="test_01_provider_has_countries" time="0.043" /><testcase classname="backend.tests.test_portfolio_reviews.TestProviderCountries" name="test_02_provider_detail_has_countries" time="0.103" /><testcase classname="backend.tests.test_portfolio_reviews.TestAuthenticationRequired" name="test_01_portfolio_create_requires_auth" time="0.036" /><testcase classname="backend.tests.test_portfolio_reviews.TestAuthenticationRequired" name="test_02_portfolio_my_items_requires_auth" time="0.039" /><testcase classname="backend.tests.test_portfolio_reviews.TestAuthenticationRequired" name="test_03_reviews_create_requires_auth" time="0.037" /><testcase classname="backend.tests.test_portfolio_reviews.TestAuthenticationRequired" name="test_04_can_review_requires_auth" time="0.037" /></testsuite></testsuites>