<?xml version="1.0" encoding="utf-8"?><testsuites name="pytest tests"><testsuite name="pytest" errors="0" failures="0" skipped="0" tests="26" time="5.415" timestamp="2026-02-08T13:48:45.835179+00:00" hostname="agent-env-c82186b8-301e-4ec3-9cea-7f196569fff0"><testcase classname="tests.test_full_app.TestPublicEndpoints" name="test_categories_events" time="0.066" /><testcase classname="tests.test_full_app.TestPublicEndpoints" name="test_categories_pro" time="0.038" /><testcase classname="tests.test_full_app.TestPublicEndpoints" name="test_providers_list" time="0.040" /><testcase classname="tests.test_full_app.TestPublicEndpoints" name="test_providers_filter_by_category" time="0.040" /><testcase classname="tests.test_full_app.TestPublicEndpoints" name="test_packages_list" time="0.037" /><testcase classname="tests.test_full_app.TestPublicEndpoints" name="test_marketplace_items" time="0.041" /><testcase classname="tests.test_full_app.TestClientAuth" name="test_client_login_success" time="0.286" /><testcase classname="tests.test_full_app.TestClientAuth" name="test_client_login_invalid_credentials" time="0.041" /><testcase classname="tests.test_full_app.TestClientAuth" name="test_client_login_missing_fields" time="0.036" /><testcase classname="tests.test_full_app.TestProviderAuth" name="test_provider_login_success" time="0.260" /><testcase classname="tests.test_full_app.TestAdminAuth" name="test_admin_login_success" time="0.265" /><testcase classname="tests.test_full_app.TestAdminAuth" name="test_admin_login_invalid_credentials" time="0.041" /><testcase classname="tests.test_full_app.TestAuthenticatedEndpoints" name="test_get_current_user" time="0.267" /><testcase classname="tests.test_full_app.TestAuthenticatedEndpoints" name="test_get_bookings" time="0.310" /><testcase classname="tests.test_full_app.TestAuthenticatedEndpoints" name="test_get_recent_messages" time="0.310" /><testcase classname="tests.test_full_app.TestAuthenticatedEndpoints" name="test_get_favorites" time="0.266" /><testcase classname="tests.test_full_app.TestProviderEndpoints" name="test_get_provider_bookings" time="0.351" /><testcase classname="tests.test_full_app.TestProviderEndpoints" name="test_get_my_services" time="0.312" /><testcase classname="tests.test_full_app.TestBookingFlow" name="test_check_provider_availability" time="0.333" /><testcase classname="tests.test_full_app.TestBookingFlow" name="test_create_booking" time="0.313" /><testcase classname="tests.test_full_app.TestMessagingFlow" name="test_send_message" time="0.303" /><testcase classname="tests.test_full_app.TestMessagingFlow" name="test_get_conversations" time="0.266" /><testcase classname="tests.test_full_app.TestStripePayment" name="test_create_checkout_session" time="0.277" /><testcase classname="tests.test_full_app.TestAdminEndpoints" name="test_get_admin_stats" time="0.271" /><testcase classname="tests.test_full_app.TestAdminEndpoints" name="test_get_admin_users" time="0.267" /><testcase classname="tests.test_full_app.TestAdminEndpoints" name="test_get_admin_providers" time="0.292" /></testsuite></testsuites>