<?xml version="1.0" encoding="utf-8"?><testsuites name="pytest tests"><testsuite name="pytest" errors="0" failures="0" skipped="0" tests="16" time="10.227" timestamp="2026-02-04T18:37:23.831903+00:00" hostname="agent-env-c0738abf-d82b-422b-9f23-2bec95b09841"><testcase classname="backend.tests.test_payment_stripe.TestPaymentAPI" name="test_create_checkout_full_payment" time="1.027" /><testcase classname="backend.tests.test_payment_stripe.TestPaymentAPI" name="test_create_checkout_deposit_payment" time="0.731" /><testcase classname="backend.tests.test_payment_stripe.TestPaymentAPI" name="test_create_checkout_2x_installment" time="0.720" /><testcase classname="backend.tests.test_payment_stripe.TestPaymentAPI" name="test_create_checkout_3x_installment" time="0.683" /><testcase classname="backend.tests.test_payment_stripe.TestPaymentAPI" name="test_create_checkout_missing_booking_id" time="0.275" /><testcase classname="backend.tests.test_payment_stripe.TestPaymentAPI" name="test_create_checkout_invalid_booking_id" time="0.287" /><testcase classname="backend.tests.test_payment_stripe.TestPaymentAPI" name="test_create_checkout_unauthorized" time="0.315" /><testcase classname="backend.tests.test_payment_stripe.TestPaymentAPI" name="test_get_payment_status" time="1.411" /><testcase classname="backend.tests.test_payment_stripe.TestPaymentAPI" name="test_get_payment_status_invalid_session" time="0.298" /><testcase classname="backend.tests.test_payment_stripe.TestPaymentAPI" name="test_get_booking_payments" time="0.276" /><testcase classname="backend.tests.test_payment_stripe.TestPaymentAPI" name="test_get_booking_payments_invalid_booking" time="0.371" /><testcase classname="backend.tests.test_payment_stripe.TestPaymentAPI" name="test_get_booking_payments_unauthorized" time="0.350" /><testcase classname="backend.tests.test_payment_stripe.TestPaymentAmountCalculations" name="test_full_payment_amount_correct" time="0.718" /><testcase classname="backend.tests.test_payment_stripe.TestPaymentAmountCalculations" name="test_deposit_amount_is_30_percent" time="1.324" /><testcase classname="backend.tests.test_payment_stripe.TestPaymentAmountCalculations" name="test_2x_installment_is_50_percent" time="0.735" /><testcase classname="backend.tests.test_payment_stripe.TestPaymentAmountCalculations" name="test_3x_installment_is_33_percent" time="0.625" /></testsuite></testsuites>