<?xml version="1.0" encoding="utf-8"?><testsuites name="pytest tests"><testsuite name="pytest" errors="0" failures="0" skipped="0" tests="21" time="4.467" timestamp="2026-02-06T17:36:08.286744+00:00" hostname="agent-env-a41de27d-7d24-441b-9c07-ef889ac329ce"><testcase classname="backend.tests.test_subscriptions_admin.TestSubscriptionPlans" name="test_get_plans_returns_200" time="0.106" /><testcase classname="backend.tests.test_subscriptions_admin.TestSubscriptionPlans" name="test_plans_contains_three_plans" time="0.040" /><testcase classname="backend.tests.test_subscriptions_admin.TestSubscriptionPlans" name="test_free_plan_pricing" time="0.080" /><testcase classname="backend.tests.test_subscriptions_admin.TestSubscriptionPlans" name="test_pro_plan_pricing" time="0.042" /><testcase classname="backend.tests.test_subscriptions_admin.TestSubscriptionPlans" name="test_premium_plan_pricing" time="0.042" /><testcase classname="backend.tests.test_subscriptions_admin.TestSubscriptionPlans" name="test_plans_have_features" time="0.042" /><testcase classname="backend.tests.test_subscriptions_admin.TestAdminLogin" name="test_admin_login_success" time="0.275" /><testcase classname="backend.tests.test_subscriptions_admin.TestAdminLogin" name="test_admin_login_invalid_password" time="0.265" /><testcase classname="backend.tests.test_subscriptions_admin.TestAdminLogin" name="test_admin_login_invalid_email" time="0.044" /><testcase classname="backend.tests.test_subscriptions_admin.TestAdminStats" name="test_stats_returns_200" time="0.277" /><testcase classname="backend.tests.test_subscriptions_admin.TestAdminStats" name="test_stats_contains_required_fields" time="0.280" /><testcase classname="backend.tests.test_subscriptions_admin.TestAdminStats" name="test_stats_subscription_breakdown" time="0.288" /><testcase classname="backend.tests.test_subscriptions_admin.TestAdminStats" name="test_stats_without_auth_returns_401" time="0.299" /><testcase classname="backend.tests.test_subscriptions_admin.TestAdminUsers" name="test_get_users_returns_200" time="0.278" /><testcase classname="backend.tests.test_subscriptions_admin.TestAdminUsers" name="test_users_pagination" time="0.318" /><testcase classname="backend.tests.test_subscriptions_admin.TestAdminUsers" name="test_users_search" time="0.279" /><testcase classname="backend.tests.test_subscriptions_admin.TestAdminUsers" name="test_users_type_filter" time="0.288" /><testcase classname="backend.tests.test_subscriptions_admin.TestAdminProviders" name="test_get_providers_returns_200" time="0.281" /><testcase classname="backend.tests.test_subscriptions_admin.TestAdminProviders" name="test_providers_have_subscription_plan" time="0.277" /><testcase classname="backend.tests.test_subscriptions_admin.TestAdminProviders" name="test_providers_have_verified_field" time="0.277" /><testcase classname="backend.tests.test_subscriptions_admin.TestAdminSubscriptions" name="test_get_subscriptions_returns_200" time="0.311" /></testsuite></testsuites>