<?xml version="1.0" encoding="utf-8"?><testsuites name="pytest tests"><testsuite name="pytest" errors="0" failures="0" skipped="0" tests="13" time="3.710" timestamp="2026-02-11T19:47:48.921017+00:00" hostname="agent-env-a4536777-dc9e-49fa-bf97-b5db752cc5db"><testcase classname="backend.tests.test_category_image_upload.TestCategoryImageUpload" name="test_admin_login_success" time="0.568" /><testcase classname="backend.tests.test_category_image_upload.TestCategoryImageUpload" name="test_get_categories_authenticated" time="0.330" /><testcase classname="backend.tests.test_category_image_upload.TestCategoryImageUpload" name="test_upload_image_endpoint" time="0.344" /><testcase classname="backend.tests.test_category_image_upload.TestCategoryImageUpload" name="test_upload_image_without_data" time="0.274" /><testcase classname="backend.tests.test_category_image_upload.TestCategoryImageUpload" name="test_update_category_image_events" time="0.340" /><testcase classname="backend.tests.test_category_image_upload.TestCategoryImageUpload" name="test_update_category_image_pro" time="0.340" /><testcase classname="backend.tests.test_category_image_upload.TestCategoryImageUpload" name="test_update_category_image_invalid_mode" time="0.276" /><testcase classname="backend.tests.test_category_image_upload.TestCategoryImageUpload" name="test_clear_category_image" time="0.354" /><testcase classname="backend.tests.test_category_image_upload.TestCategoryImageUpload" name="test_public_categories_endpoint_returns_images" time="0.360" /><testcase classname="backend.tests.test_category_image_upload.TestCategoryImageUpload" name="test_uploaded_file_accessible" time="0.350" /><testcase classname="backend.tests.test_category_image_upload.TestCategoryImageUploadUnauthenticated" name="test_get_categories_unauthenticated" time="0.036" /><testcase classname="backend.tests.test_category_image_upload.TestCategoryImageUploadUnauthenticated" name="test_upload_image_unauthenticated" time="0.033" /><testcase classname="backend.tests.test_category_image_upload.TestCategoryImageUploadUnauthenticated" name="test_update_category_image_unauthenticated" time="0.034" /></testsuite></testsuites>