<?xml version="1.0" encoding="utf-8"?><testsuites name="pytest tests"><testsuite name="pytest" errors="0" failures="0" skipped="0" tests="14" time="2.598" timestamp="2026-02-04T14:43:51.166789+00:00" hostname="agent-env-05d8a9bf-a955-4a2b-a07b-060fb103bf1e"><testcase classname="backend.tests.test_messaging_flow.TestAuthEndpoints" name="test_login_success" time="0.321" /><testcase classname="backend.tests.test_messaging_flow.TestAuthEndpoints" name="test_login_invalid_credentials" time="0.046" /><testcase classname="backend.tests.test_messaging_flow.TestAuthEndpoints" name="test_auth_me_without_token" time="0.076" /><testcase classname="backend.tests.test_messaging_flow.TestProviderEndpoints" name="test_get_providers_list" time="0.040" /><testcase classname="backend.tests.test_messaging_flow.TestProviderEndpoints" name="test_get_provider_by_id" time="0.041" /><testcase classname="backend.tests.test_messaging_flow.TestProviderEndpoints" name="test_get_provider_not_found" time="0.039" /><testcase classname="backend.tests.test_messaging_flow.TestUserEndpoints" name="test_get_user_by_id_authenticated" time="0.322" /><testcase classname="backend.tests.test_messaging_flow.TestUserEndpoints" name="test_get_user_by_id_unauthenticated" time="0.034" /><testcase classname="backend.tests.test_messaging_flow.TestUserEndpoints" name="test_get_user_not_found" time="0.330" /><testcase classname="backend.tests.test_messaging_flow.TestMessagingEndpoints" name="test_send_message_to_provider" time="0.322" /><testcase classname="backend.tests.test_messaging_flow.TestMessagingEndpoints" name="test_send_message_unauthenticated" time="0.037" /><testcase classname="backend.tests.test_messaging_flow.TestMessagingEndpoints" name="test_get_conversations" time="0.289" /><testcase classname="backend.tests.test_messaging_flow.TestMessagingEndpoints" name="test_get_messages_with_user" time="0.294" /><testcase classname="backend.tests.test_messaging_flow.TestMessagingFlowIntegration" name="test_complete_contact_provider_flow" time="0.333" /></testsuite></testsuites>